2025-01-13 22:10:42,540 - llkms - INFO - Starting LLKMS application
2025-01-13 22:10:42,971 - llkms - INFO - Initialized S3 client
2025-01-13 22:10:43,588 - llkms - INFO - Initialized DocumentProcessingPipeline
2025-01-13 22:10:43,588 - llkms - INFO - Initializing RAG system
2025-01-13 22:10:43,588 - llkms - INFO - Starting to process bucket eng-llkms with prefix 'knowledge'
2025-01-13 22:10:43,588 - llkms - INFO - Listing files in bucket eng-llkms with prefix 'knowledge'
2025-01-13 22:10:44,880 - llkms - ERROR - Application error: An error occurred (InvalidAccessKeyId) when calling the ListObjectsV2 operation: The AWS Access Key Id you provided does not exist in our records.
2025-01-13 22:10:44,880 - llkms - INFO - Shutting down LLKMS application
2025-01-13 22:10:44,881 - llkms - INFO - Cleaning up temporary files
2025-01-13 22:11:35,537 - llkms - INFO - Starting LLKMS application
2025-01-13 22:11:35,815 - llkms - INFO - Initialized S3 client
2025-01-13 22:11:36,376 - llkms - INFO - Initialized DocumentProcessingPipeline
2025-01-13 22:11:36,376 - llkms - INFO - Initializing RAG system
2025-01-13 22:11:36,376 - llkms - INFO - Starting to process bucket eng-llkms with prefix 'knowledge'
2025-01-13 22:11:36,377 - llkms - INFO - Listing files in bucket eng-llkms with prefix 'knowledge'
2025-01-13 22:11:37,536 - llkms - ERROR - Application error: An error occurred (InvalidAccessKeyId) when calling the ListObjectsV2 operation: The AWS Access Key Id you provided does not exist in our records.
2025-01-13 22:11:37,537 - llkms - INFO - Shutting down LLKMS application
2025-01-13 22:11:37,537 - llkms - INFO - Cleaning up temporary files
2025-01-13 22:11:46,580 - llkms - INFO - Starting LLKMS application
2025-01-13 22:11:46,888 - llkms - INFO - Initialized S3 client
2025-01-13 22:11:47,421 - llkms - INFO - Initialized DocumentProcessingPipeline
2025-01-13 22:11:47,422 - llkms - INFO - Initializing RAG system
2025-01-13 22:11:47,422 - llkms - INFO - Starting to process bucket eng-llkms with prefix 'knowledge'
2025-01-13 22:11:47,422 - llkms - INFO - Listing files in bucket eng-llkms with prefix 'knowledge'
2025-01-13 22:11:49,621 - llkms - INFO - Processing file: knowledge/Projekt Systemu Train Qualitier - Dokumentacja.pdf
2025-01-13 22:11:51,103 - llkms - INFO - Processing file: knowledge/asdasdda.png
2025-01-13 22:12:24,660 - llkms - ERROR - Error processing file knowledge/asdasdda.png: tesseract is not installed or it's not in your PATH. See README file for more information.
2025-01-13 22:12:24,661 - llkms - INFO - Processing file: knowledge/pbj.txt
2025-01-13 22:12:25,168 - llkms - INFO - Creating vector store with 9 documents
2025-01-13 22:12:27,556 - llkms - INFO - Starting interactive query loop
2025-01-13 22:20:05,059 - llkms - INFO - Starting LLKMS application
2025-01-13 22:20:05,318 - llkms - INFO - Initialized S3 client
2025-01-13 22:20:05,807 - llkms - INFO - Initialized DocumentProcessingPipeline
2025-01-13 22:20:05,807 - llkms - INFO - Initializing RAG system
2025-01-13 22:20:05,807 - llkms - INFO - Starting to process bucket eng-llkms with prefix 'knowledge'
2025-01-13 22:20:05,807 - llkms - INFO - Listing files in bucket eng-llkms with prefix 'knowledge'
2025-01-13 22:20:07,855 - llkms - INFO - Processing file: knowledge/Projekt Systemu Train Qualitier - Dokumentacja.pdf
2025-01-13 22:20:08,408 - llkms - INFO - Processing file: knowledge/asdasdda.png
2025-01-13 22:20:20,370 - llkms - ERROR - Error processing file knowledge/asdasdda.png: tesseract is not installed or it's not in your PATH. See README file for more information.
2025-01-13 22:20:20,371 - llkms - INFO - Processing file: knowledge/pbj.txt
2025-01-13 22:20:21,019 - llkms - INFO - Creating vector store with 9 documents
2025-01-13 22:20:22,674 - llkms - INFO - Starting interactive query loop
2025-01-13 22:24:15,031 - llkms - INFO - User requested to quit
2025-01-13 22:24:15,031 - llkms - INFO - Shutting down LLKMS application
2025-01-13 22:24:15,031 - llkms - INFO - Cleaning up temporary files
2025-01-13 22:40:58,444 - llkms - INFO - Starting LLKMS application
2025-01-13 22:40:58,726 - llkms - INFO - Initialized S3 client
2025-01-13 22:40:59,380 - llkms - INFO - Initialized DocumentProcessingPipeline
2025-01-13 22:40:59,381 - llkms - INFO - Initializing RAG system
2025-01-13 22:40:59,381 - llkms - INFO - Starting to process bucket eng-llkms with prefix 'knowledge'
2025-01-13 22:40:59,381 - llkms - INFO - Listing files in bucket eng-llkms with prefix 'knowledge'
2025-01-13 22:41:00,660 - llkms - INFO - Processing file: knowledge/Projekt Systemu Train Qualitier - Dokumentacja.pdf
2025-01-13 22:41:01,351 - llkms - INFO - Processing file: knowledge/asdasdda.png
2025-01-13 22:41:23,525 - llkms - ERROR - Error processing file knowledge/asdasdda.png: tesseract is not installed or it's not in your PATH. See README file for more information.
2025-01-13 22:41:23,526 - llkms - INFO - Processing file: knowledge/pbj.txt
2025-01-13 22:41:24,185 - llkms - INFO - Creating vector store with 9 documents
2025-01-13 22:41:25,518 - llkms - INFO - Starting interactive query loop
2025-01-13 22:43:05,549 - llkms - INFO - User requested to quit
2025-01-13 22:43:05,549 - llkms - INFO - Shutting down LLKMS application
2025-01-13 22:43:05,549 - llkms - INFO - Cleaning up temporary files
2025-01-13 22:43:09,153 - llkms - INFO - Starting LLKMS application
2025-01-13 22:43:09,525 - llkms - INFO - Initialized S3 client
2025-01-13 22:43:10,082 - llkms - INFO - Initialized DocumentProcessingPipeline
2025-01-13 22:43:10,082 - llkms - INFO - Initializing RAG system
2025-01-13 22:43:10,082 - llkms - INFO - Starting to process bucket eng-llkms with prefix 'knowledge'
2025-01-13 22:43:10,082 - llkms - INFO - Listing files in bucket eng-llkms with prefix 'knowledge'
2025-01-13 22:43:11,319 - llkms - INFO - Processing file: knowledge/Projekt Systemu Train Qualitier - Dokumentacja.pdf
2025-01-13 22:43:12,985 - llkms - INFO - Processing file: knowledge/asdasdda.png
2025-01-13 22:43:38,070 - llkms - ERROR - Error processing file knowledge/asdasdda.png: tesseract is not installed or it's not in your PATH. See README file for more information.
2025-01-13 22:43:38,071 - llkms - INFO - Processing file: knowledge/pbj.txt
2025-01-13 22:43:38,585 - llkms - INFO - Creating vector store with 9 documents
2025-01-13 22:43:40,380 - llkms - INFO - Starting interactive query loop
2025-01-13 22:44:19,175 - llkms - INFO - User requested to quit
2025-01-13 22:44:19,175 - llkms - INFO - Shutting down LLKMS application
2025-01-13 22:44:19,175 - llkms - INFO - Cleaning up temporary files
2025-01-13 22:44:38,495 - llkms - INFO - Starting LLKMS application
2025-01-13 22:44:38,757 - llkms - INFO - Initialized S3 client
2025-01-13 22:44:39,243 - llkms - INFO - Initialized DocumentProcessingPipeline
2025-01-13 22:44:39,244 - llkms - INFO - Initializing RAG system
2025-01-13 22:44:39,244 - llkms - INFO - Starting to process bucket eng-llkms with prefix 'knowledge'
2025-01-13 22:44:39,244 - llkms - INFO - Listing files in bucket eng-llkms with prefix 'knowledge'
2025-01-13 22:44:41,362 - llkms - INFO - Processing file: knowledge/Projekt Systemu Train Qualitier - Dokumentacja.pdf
2025-01-13 22:44:42,389 - llkms - INFO - Processing file: knowledge/asdasdda.png
2025-01-13 22:45:05,884 - llkms - ERROR - Error processing file knowledge/asdasdda.png: tesseract is not installed or it's not in your PATH. See README file for more information.
2025-01-13 22:45:05,885 - llkms - INFO - Processing file: knowledge/pbj.txt
2025-01-13 22:45:06,693 - llkms - INFO - Creating vector store with 9 documents
2025-01-13 22:45:08,256 - llkms - INFO - Starting interactive query loop
2025-01-13 22:45:28,162 - llkms - INFO - User requested to quit
2025-01-13 22:45:28,162 - llkms - INFO - Shutting down LLKMS application
2025-01-13 22:45:28,163 - llkms - INFO - Cleaning up temporary files
2025-01-13 22:46:26,203 - llkms - INFO - Starting LLKMS application
2025-01-13 22:46:26,464 - llkms - INFO - Initialized S3 client
2025-01-13 22:46:26,960 - llkms - INFO - Initialized DocumentProcessingPipeline
2025-01-13 22:46:26,960 - llkms - INFO - Initializing RAG system
2025-01-13 22:46:26,960 - llkms - INFO - Starting to process bucket eng-llkms with prefix 'knowledge'
2025-01-13 22:46:26,960 - llkms - INFO - Listing files in bucket eng-llkms with prefix 'knowledge'
2025-01-13 22:46:28,342 - llkms - INFO - Processing file: knowledge/Projekt Systemu Train Qualitier - Dokumentacja.pdf
2025-01-13 22:46:28,839 - llkms - INFO - Processing file: knowledge/asdasdda.png
2025-01-13 22:46:51,133 - llkms - ERROR - Error processing file knowledge/asdasdda.png: tesseract is not installed or it's not in your PATH. See README file for more information.
2025-01-13 22:46:51,134 - llkms - INFO - Processing file: knowledge/pbj.txt
2025-01-13 22:46:51,939 - llkms - INFO - Creating vector store with 9 documents
2025-01-13 22:46:53,716 - llkms - INFO - Starting interactive query loop
2025-01-13 22:47:18,131 - llkms - INFO - User requested to quit
2025-01-13 22:47:18,131 - llkms - INFO - Shutting down LLKMS application
2025-01-13 22:47:18,131 - llkms - INFO - Cleaning up temporary files
2025-01-13 22:47:18,134 - llkms - INFO - 
Token Usage and Cost Summary:
----------------------------------------

text-embedding-3-small:
  Input tokens:  1,344
  Output tokens: 0
  Cost: $0.0000

Total cost: $0.0000
2025-01-13 22:47:18,134 - llkms - INFO - Token usage summary recorded
2025-01-13 22:51:06,205 - llkms - INFO - Starting LLKMS application
2025-01-13 22:51:06,472 - llkms - INFO - Initialized S3 client
2025-01-13 22:51:06,963 - llkms - INFO - Initialized DocumentProcessingPipeline
2025-01-13 22:51:06,963 - llkms - INFO - Initializing RAG system
2025-01-13 22:51:06,963 - llkms - INFO - Starting to process bucket eng-llkms with prefix 'knowledge'
2025-01-13 22:51:06,963 - llkms - INFO - Listing files in bucket eng-llkms with prefix 'knowledge'
2025-01-13 22:51:07,995 - llkms - INFO - Processing file: knowledge/Projekt Systemu Train Qualitier - Dokumentacja.pdf
2025-01-13 22:51:08,805 - llkms - INFO - Processing file: knowledge/asdasdda.png
2025-01-13 22:51:30,650 - llkms - ERROR - Error processing file knowledge/asdasdda.png: tesseract is not installed or it's not in your PATH. See README file for more information.
2025-01-13 22:51:30,652 - llkms - INFO - Processing file: knowledge/pbj.txt
2025-01-13 22:51:31,228 - llkms - INFO - Creating vector store with 9 documents
2025-01-13 22:51:32,892 - llkms - INFO - Starting interactive query loop
2025-01-13 22:53:07,328 - llkms - INFO - User requested to quit
2025-01-13 22:53:07,328 - llkms - INFO - Shutting down LLKMS application
2025-01-13 22:53:07,329 - llkms - INFO - Cleaning up temporary files
2025-01-13 22:53:07,331 - llkms - INFO - 
Token Usage and Cost Summary:
----------------------------------------
Total Tokens: 2,667
Prompt Tokens: 2,632
Completion Tokens: 35
Successful Requests: 2
Total Cost (USD): $0.0811
2025-01-13 22:56:24,852 - llkms - INFO - Starting LLKMS application
2025-01-13 22:56:25,110 - llkms - INFO - Initialized S3 client
2025-01-13 22:56:25,625 - llkms - INFO - Initialized DocumentProcessingPipeline
2025-01-13 22:56:25,625 - llkms - INFO - Initializing RAG system
2025-01-13 22:56:25,625 - llkms - INFO - Starting to process bucket eng-llkms with prefix 'knowledge'
2025-01-13 22:56:25,625 - llkms - INFO - Listing files in bucket eng-llkms with prefix 'knowledge'
2025-01-13 22:56:26,612 - llkms - INFO - Processing file: knowledge/Projekt Systemu Train Qualitier - Dokumentacja.pdf
2025-01-13 22:56:28,467 - llkms - INFO - Processing file: knowledge/asdasdda.png
2025-01-13 22:56:56,271 - llkms - ERROR - Error processing file knowledge/asdasdda.png: tesseract is not installed or it's not in your PATH. See README file for more information.
2025-01-13 22:56:56,272 - llkms - INFO - Processing file: knowledge/pbj.txt
2025-01-13 22:56:56,984 - llkms - INFO - Creating vector store with 9 documents
2025-01-13 22:56:58,657 - llkms - INFO - Starting interactive query loop
2025-01-13 23:05:32,744 - llkms - INFO - User requested to quit
2025-01-13 23:05:32,744 - llkms - INFO - Shutting down LLKMS application
2025-01-13 23:05:32,744 - llkms - INFO - Cleaning up temporary files
2025-01-13 23:05:32,746 - llkms - INFO - 
Token Usage and Cost Summary:
----------------------------------------
Total Tokens: 0
Prompt Tokens: 0
Completion Tokens: 0
Successful Requests: 0
Total Cost (USD): $0.0000
